2017-12-26 08:06:04,330 WARN  org.apache.hadoop.util.NativeCodeLoader                       - Unable to load native-hadoop library for your platform... using builtin-java classes where applicable
2017-12-26 08:06:04,677 INFO  org.apache.flink.runtime.jobmanager.JobManager                - --------------------------------------------------------------------------------
2017-12-26 08:06:04,677 INFO  org.apache.flink.runtime.jobmanager.JobManager                -  Starting JobManager (Version: 1.3.2, Rev:0399bee, Date:03.08.2017 @ 10:23:11 UTC)
2017-12-26 08:06:04,677 INFO  org.apache.flink.runtime.jobmanager.JobManager                -  Current user: junsunglim
2017-12-26 08:06:04,681 INFO  org.apache.flink.runtime.jobmanager.JobManager                -  JVM: Java HotSpot(TM) 64-Bit Server VM - Oracle Corporation - 1.8/25.151-b12
2017-12-26 08:06:04,681 INFO  org.apache.flink.runtime.jobmanager.JobManager                -  Maximum heap size: 491 MiBytes
2017-12-26 08:06:04,682 INFO  org.apache.flink.runtime.jobmanager.JobManager                -  JAVA_HOME: /usr/lib/jvm/java-8-oracle
2017-12-26 08:06:04,683 INFO  org.apache.flink.runtime.jobmanager.JobManager                -  Hadoop version: 2.7.2
2017-12-26 08:06:04,684 INFO  org.apache.flink.runtime.jobmanager.JobManager                -  JVM Options:
2017-12-26 08:06:04,684 INFO  org.apache.flink.runtime.jobmanager.JobManager                -     -Xms512m
2017-12-26 08:06:04,684 INFO  org.apache.flink.runtime.jobmanager.JobManager                -     -Xmx512m
2017-12-26 08:06:04,684 INFO  org.apache.flink.runtime.jobmanager.JobManager                -     -Dlog.file=/data/workspace/support-dataprocessing-runtime/se/flink/log/flink-junsunglim-jobmanager-0-JS-ubuntu.log
2017-12-26 08:06:04,684 INFO  org.apache.flink.runtime.jobmanager.JobManager                -     -Dlog4j.configuration=file:/data/workspace/support-dataprocessing-runtime/se/flink/conf/log4j.properties
2017-12-26 08:06:04,684 INFO  org.apache.flink.runtime.jobmanager.JobManager                -     -Dlogback.configurationFile=file:/data/workspace/support-dataprocessing-runtime/se/flink/conf/logback.xml
2017-12-26 08:06:04,684 INFO  org.apache.flink.runtime.jobmanager.JobManager                -  Program Arguments:
2017-12-26 08:06:04,684 INFO  org.apache.flink.runtime.jobmanager.JobManager                -     --configDir
2017-12-26 08:06:04,684 INFO  org.apache.flink.runtime.jobmanager.JobManager                -     /data/workspace/support-dataprocessing-runtime/se/flink/conf
2017-12-26 08:06:04,684 INFO  org.apache.flink.runtime.jobmanager.JobManager                -     --executionMode
2017-12-26 08:06:04,684 INFO  org.apache.flink.runtime.jobmanager.JobManager                -     cluster
2017-12-26 08:06:04,684 INFO  org.apache.flink.runtime.jobmanager.JobManager                -  Classpath: /data/workspace/support-dataprocessing-runtime/se/flink/lib/flink-python_2.11-1.3.2.jar:/data/workspace/support-dataprocessing-runtime/se/flink/lib/flink-shaded-hadoop2-uber-1.3.2.jar:/data/workspace/support-dataprocessing-runtime/se/flink/lib/log4j-1.2.17.jar:/data/workspace/support-dataprocessing-runtime/se/flink/lib/slf4j-log4j12-1.7.7.jar:/data/workspace/support-dataprocessing-runtime/se/flink/lib/flink-dist_2.11-1.3.2.jar:::
2017-12-26 08:06:04,684 INFO  org.apache.flink.runtime.jobmanager.JobManager                - --------------------------------------------------------------------------------
2017-12-26 08:06:04,685 INFO  org.apache.flink.runtime.jobmanager.JobManager                - Registered UNIX signal handlers for [TERM, HUP, INT]
2017-12-26 08:06:04,938 INFO  org.apache.flink.runtime.jobmanager.JobManager                - Loading configuration from /data/workspace/support-dataprocessing-runtime/se/flink/conf
2017-12-26 08:06:04,941 INFO  org.apache.flink.configuration.GlobalConfiguration            - Loading configuration property: jobmanager.rpc.address, localhost
2017-12-26 08:06:04,941 INFO  org.apache.flink.configuration.GlobalConfiguration            - Loading configuration property: jobmanager.rpc.port, 6123
2017-12-26 08:06:04,942 INFO  org.apache.flink.configuration.GlobalConfiguration            - Loading configuration property: jobmanager.heap.mb, 512
2017-12-26 08:06:04,942 INFO  org.apache.flink.configuration.GlobalConfiguration            - Loading configuration property: taskmanager.heap.mb, 512
2017-12-26 08:06:04,942 INFO  org.apache.flink.configuration.GlobalConfiguration            - Loading configuration property: taskmanager.numberOfTaskSlots, 20
2017-12-26 08:06:04,943 INFO  org.apache.flink.configuration.GlobalConfiguration            - Loading configuration property: taskmanager.memory.preallocate, false
2017-12-26 08:06:04,943 INFO  org.apache.flink.configuration.GlobalConfiguration            - Loading configuration property: parallelism.default, 1
2017-12-26 08:06:04,943 INFO  org.apache.flink.configuration.GlobalConfiguration            - Loading configuration property: jobmanager.web.port, 8081
2017-12-26 08:06:04,970 INFO  org.apache.flink.runtime.jobmanager.JobManager                - Starting JobManager without high-availability
2017-12-26 08:06:04,982 INFO  org.apache.flink.runtime.jobmanager.JobManager                - Starting JobManager on localhost:6123 with execution mode CLUSTER
2017-12-26 08:06:04,993 INFO  org.apache.flink.configuration.GlobalConfiguration            - Loading configuration property: jobmanager.rpc.address, localhost
2017-12-26 08:06:04,994 INFO  org.apache.flink.configuration.GlobalConfiguration            - Loading configuration property: jobmanager.rpc.port, 6123
2017-12-26 08:06:04,994 INFO  org.apache.flink.configuration.GlobalConfiguration            - Loading configuration property: jobmanager.heap.mb, 512
2017-12-26 08:06:04,994 INFO  org.apache.flink.configuration.GlobalConfiguration            - Loading configuration property: taskmanager.heap.mb, 512
2017-12-26 08:06:05,005 INFO  org.apache.flink.configuration.GlobalConfiguration            - Loading configuration property: taskmanager.numberOfTaskSlots, 20
2017-12-26 08:06:05,006 INFO  org.apache.flink.configuration.GlobalConfiguration            - Loading configuration property: taskmanager.memory.preallocate, false
2017-12-26 08:06:05,006 INFO  org.apache.flink.configuration.GlobalConfiguration            - Loading configuration property: parallelism.default, 1
2017-12-26 08:06:05,006 INFO  org.apache.flink.configuration.GlobalConfiguration            - Loading configuration property: jobmanager.web.port, 8081
2017-12-26 08:06:05,046 INFO  org.apache.flink.runtime.security.modules.HadoopModule        - Hadoop user set to junsunglim (auth:SIMPLE)
2017-12-26 08:06:05,118 INFO  org.apache.flink.runtime.jobmanager.JobManager                - Starting JobManager actor system reachable at localhost:6123
2017-12-26 08:06:05,716 INFO  akka.event.slf4j.Slf4jLogger                                  - Slf4jLogger started
2017-12-26 08:06:05,833 INFO  Remoting                                                      - Starting remoting
2017-12-26 08:06:06,337 INFO  Remoting                                                      - Remoting started; listening on addresses :[akka.tcp://flink@localhost:6123]
2017-12-26 08:06:06,369 INFO  org.apache.flink.runtime.jobmanager.JobManager                - Starting JobManager web frontend
2017-12-26 08:06:06,409 INFO  org.apache.flink.runtime.webmonitor.WebMonitorUtils           - Determined location of JobManager log file: /data/workspace/support-dataprocessing-runtime/se/flink/log/flink-junsunglim-jobmanager-0-JS-ubuntu.log
2017-12-26 08:06:06,409 INFO  org.apache.flink.runtime.webmonitor.WebMonitorUtils           - Determined location of JobManager stdout file: /data/workspace/support-dataprocessing-runtime/se/flink/log/flink-junsunglim-jobmanager-0-JS-ubuntu.out
2017-12-26 08:06:06,409 INFO  org.apache.flink.runtime.webmonitor.WebRuntimeMonitor         - Using directory /tmp/flink-web-97adb44c-db04-44e2-9581-9eab2fe3b7af for the web interface files
2017-12-26 08:06:06,410 INFO  org.apache.flink.runtime.webmonitor.WebRuntimeMonitor         - Using directory /tmp/flink-web-fa6eaab1-f411-4e07-8b08-8a35b7a412a1 for web frontend JAR file uploads
2017-12-26 08:06:06,967 INFO  org.apache.flink.runtime.webmonitor.WebRuntimeMonitor         - Web frontend listening at 0:0:0:0:0:0:0:0:8081
2017-12-26 08:06:06,968 INFO  org.apache.flink.runtime.jobmanager.JobManager                - Starting JobManager actor
2017-12-26 08:06:06,986 INFO  org.apache.flink.runtime.blob.BlobServer                      - Created BLOB server storage directory /tmp/blobStore-57ba0e82-f984-4eea-8ea1-bbaa26fc31ca
2017-12-26 08:06:07,001 INFO  org.apache.flink.runtime.blob.BlobServer                      - Started BLOB server at 0.0.0.0:36615 - max concurrent requests: 50 - max backlog: 1000
2017-12-26 08:06:07,022 INFO  org.apache.flink.runtime.metrics.MetricRegistry               - No metrics reporter configured, no metrics will be exposed/reported.
2017-12-26 08:06:07,028 INFO  org.apache.flink.runtime.jobmanager.MemoryArchivist           - Started memory archivist akka://flink/user/archive
2017-12-26 08:06:07,031 INFO  org.apache.flink.runtime.webmonitor.WebRuntimeMonitor         - Starting with JobManager akka.tcp://flink@localhost:6123/user/jobmanager on port 8081
2017-12-26 08:06:07,031 INFO  org.apache.flink.runtime.webmonitor.JobManagerRetriever       - New leader reachable under akka.tcp://flink@localhost:6123/user/jobmanager:00000000-0000-0000-0000-000000000000.
2017-12-26 08:06:07,081 INFO  org.apache.flink.runtime.jobmanager.JobManager                - Starting JobManager at akka.tcp://flink@localhost:6123/user/jobmanager.
2017-12-26 08:06:07,090 INFO  org.apache.flink.runtime.clusterframework.standalone.StandaloneResourceManager  - Trying to associate with JobManager leader akka.tcp://flink@localhost:6123/user/jobmanager
2017-12-26 08:06:07,134 INFO  org.apache.flink.runtime.jobmanager.JobManager                - JobManager akka.tcp://flink@localhost:6123/user/jobmanager was granted leadership with leader session ID Some(00000000-0000-0000-0000-000000000000).
2017-12-26 08:06:07,139 INFO  org.apache.flink.runtime.clusterframework.standalone.StandaloneResourceManager  - Resource Manager associating with leading JobManager Actor[akka://flink/user/jobmanager#894589228] - leader session 00000000-0000-0000-0000-000000000000
2017-12-26 08:06:08,399 INFO  org.apache.flink.runtime.clusterframework.standalone.StandaloneResourceManager  - TaskManager f1a2ecb4dbd70905f6a0962fd4bd65d5 has started.
2017-12-26 08:06:08,401 INFO  org.apache.flink.runtime.instance.InstanceManager             - Registered TaskManager at JS-ubuntu (akka.tcp://flink@JS-ubuntu:45231/user/taskmanager) as cc127903db6520f687e1d389ee4ca5bc. Current number of registered hosts is 1. Current number of alive task slots is 20.
2017-12-28 18:02:23,868 INFO  org.apache.flink.runtime.jobmanager.JobManager                - RECEIVED SIGNAL 15: SIGTERM. Shutting down as requested.
2017-12-28 18:02:24,506 INFO  org.apache.flink.runtime.webmonitor.WebRuntimeMonitor         - Removing web dashboard root cache directory /tmp/flink-web-97adb44c-db04-44e2-9581-9eab2fe3b7af
2017-12-28 18:02:24,689 INFO  org.apache.flink.runtime.webmonitor.WebRuntimeMonitor         - Removing web dashboard jar upload directory /tmp/flink-web-fa6eaab1-f411-4e07-8b08-8a35b7a412a1
2017-12-28 18:02:24,740 INFO  org.apache.flink.runtime.blob.BlobServer                      - Stopped BLOB server at 0.0.0.0:36615
